Flow report for THREE_BIT_ALU
Mon Sep 30 16:51:04 2019
Quartus Prime Version 18.1.0 Build 625 09/12/2018 SJ Lite Edition


---------------------
; Table of Contents ;
---------------------
  1. Legal Notice
  2. Flow Summary
  3. Flow Settings
  4. Flow Non-Default Global Settings
  5. Flow Elapsed Time
  6. Flow OS Summary
  7. Flow Log
  8. Flow Messages
  9. Flow Suppressed Messages



----------------
; Legal Notice ;
----------------
Copyright (C) 2018  Intel Corporation. All rights reserved.
Your use of Intel Corporation's design tools, logic functions 
and other software and tools, and its AMPP partner logic 
functions, and any output files from any of the foregoing 
(including device programming or simulation files), and any 
associated documentation or information are expressly subject 
to the terms and conditions of the Intel Program License 
Subscription Agreement, the Intel Quartus Prime License Agreement,
the Intel FPGA IP License Agreement, or other applicable license
agreement, including, without limitation, that your use is for
the sole purpose of programming logic devices manufactured by
Intel and sold by Intel or its authorized distributors.  Please
refer to the applicable agreement for further details.



+-------------------------------------------------------------------------------+
; Flow Summary                                                                  ;
+---------------------------------+---------------------------------------------+
; Flow Status                     ; Successful - Mon Sep 30 16:51:04 2019       ;
; Quartus Prime Version           ; 18.1.0 Build 625 09/12/2018 SJ Lite Edition ;
; Revision Name                   ; THREE_BIT_ALU                               ;
; Top-level Entity Name           ; THREE_BIT_ALU                               ;
; Family                          ; Cyclone V                                   ;
; Device                          ; 5CEBA4F23C7                                 ;
; Timing Models                   ; Final                                       ;
; Logic utilization (in ALMs)     ; 22 / 18,480 ( < 1 % )                       ;
; Total registers                 ; 0                                           ;
; Total pins                      ; 54 / 224 ( 24 % )                           ;
; Total virtual pins              ; 0                                           ;
; Total block memory bits         ; 0 / 3,153,920 ( 0 % )                       ;
; Total DSP Blocks                ; 0 / 66 ( 0 % )                              ;
; Total HSSI RX PCSs              ; 0                                           ;
; Total HSSI PMA RX Deserializers ; 0                                           ;
; Total HSSI TX PCSs              ; 0                                           ;
; Total HSSI PMA TX Serializers   ; 0                                           ;
; Total PLLs                      ; 0 / 4 ( 0 % )                               ;
; Total DLLs                      ; 0 / 4 ( 0 % )                               ;
+---------------------------------+---------------------------------------------+


+-----------------------------------------+
; Flow Settings                           ;
+-------------------+---------------------+
; Option            ; Setting             ;
+-------------------+---------------------+
; Start date & time ; 09/30/2019 16:34:38 ;
; Main task         ; Compilation         ;
; Revision Name     ; THREE_BIT_ALU       ;
+-------------------+---------------------+


+-------------------------------------------------------------------------------------------------------------------------+
; Flow Non-Default Global Settings                                                                                        ;
+-------------------------------------+----------------------------------------+---------------+-------------+------------+
; Assignment Name                     ; Value                                  ; Default Value ; Entity Name ; Section Id ;
+-------------------------------------+----------------------------------------+---------------+-------------+------------+
; COMPILER_SIGNATURE_ID               ; 79232740751233.156988287709412         ; --            ; --          ; --         ;
; MAX_CORE_JUNCTION_TEMP              ; 85                                     ; --            ; --          ; --         ;
; MIN_CORE_JUNCTION_TEMP              ; 0                                      ; --            ; --          ; --         ;
; PARTITION_COLOR                     ; -- (Not supported for targeted family) ; --            ; --          ; Top        ;
; PARTITION_FITTER_PRESERVATION_LEVEL ; -- (Not supported for targeted family) ; --            ; --          ; Top        ;
; PARTITION_NETLIST_TYPE              ; -- (Not supported for targeted family) ; --            ; --          ; Top        ;
; POWER_BOARD_THERMAL_MODEL           ; None (CONSERVATIVE)                    ; --            ; --          ; --         ;
; POWER_PRESET_COOLING_SOLUTION       ; 23 MM HEAT SINK WITH 200 LFPM AIRFLOW  ; --            ; --          ; --         ;
; PROJECT_OUTPUT_DIRECTORY            ; output_files                           ; --            ; --          ; --         ;
+-------------------------------------+----------------------------------------+---------------+-------------+------------+


+--------------------------------------------------------------------------------------------------------------------------+
; Flow Elapsed Time                                                                                                        ;
+----------------------+--------------+-------------------------+---------------------+------------------------------------+
; Module Name          ; Elapsed Time ; Average Processors Used ; Peak Virtual Memory ; Total CPU Time (on all processors) ;
+----------------------+--------------+-------------------------+---------------------+------------------------------------+
; Analysis & Synthesis ; 00:00:16     ; 1.0                     ; 670 MB              ; 00:00:19                           ;
; Fitter               ; 00:06:24     ; 1.0                     ; 2019 MB             ; 00:17:35                           ;
; Assembler            ; 00:00:05     ; 1.0                     ; 682 MB              ; 00:00:03                           ;
; Timing Analyzer      ; 00:00:09     ; 1.0                     ; 920 MB              ; 00:00:05                           ;
; EDA Netlist Writer   ; 00:00:02     ; 1.0                     ; 573 MB              ; 00:00:01                           ;
; EDA Netlist Writer   ; 00:00:03     ; 1.0                     ; 580 MB              ; 00:00:01                           ;
; EDA Netlist Writer   ; 00:00:03     ; 1.0                     ; 571 MB              ; 00:00:01                           ;
; EDA Netlist Writer   ; 00:00:04     ; 1.0                     ; 580 MB              ; 00:00:01                           ;
; Total                ; 00:07:06     ; --                      ; --                  ; 00:18:06                           ;
+----------------------+--------------+-------------------------+---------------------+------------------------------------+


+-------------------------------------------------------------------------------------+
; Flow OS Summary                                                                     ;
+----------------------+------------------+-------------+------------+----------------+
; Module Name          ; Machine Hostname ; OS Name     ; OS Version ; Processor type ;
+----------------------+------------------+-------------+------------+----------------+
; Analysis & Synthesis ; C207-04          ; Windows 8.1 ; 6.3        ; x86_64         ;
; Fitter               ; C207-04          ; Windows 8.1 ; 6.3        ; x86_64         ;
; Assembler            ; C207-04          ; Windows 8.1 ; 6.3        ; x86_64         ;
; Timing Analyzer      ; C207-04          ; Windows 8.1 ; 6.3        ; x86_64         ;
; EDA Netlist Writer   ; C207-04          ; Windows 8.1 ; 6.3        ; x86_64         ;
; EDA Netlist Writer   ; C207-04          ; Windows 8.1 ; 6.3        ; x86_64         ;
; EDA Netlist Writer   ; C207-04          ; Windows 8.1 ; 6.3        ; x86_64         ;
; EDA Netlist Writer   ; C207-04          ; Windows 8.1 ; 6.3        ; x86_64         ;
+----------------------+------------------+-------------+------------+----------------+


------------
; Flow Log ;
------------
quartus_map --read_settings_files=on --write_settings_files=off THREE_BIT_ALU -c THREE_BIT_ALU
quartus_fit --read_settings_files=off --write_settings_files=off THREE_BIT_ALU -c THREE_BIT_ALU
quartus_asm --read_settings_files=off --write_settings_files=off THREE_BIT_ALU -c THREE_BIT_ALU
quartus_sta THREE_BIT_ALU -c THREE_BIT_ALU
quartus_eda --gen_testbench --tool=modelsim_oem --format=verilog --write_settings_files=off THREE_BIT_ALU -c THREE_BIT_ALU --vector_source="U:/New folder/THREE_BIT_ALU/Waveform.vwf" --testbench_file="U:/New folder/THREE_BIT_ALU/simulation/qsim/Waveform.vwf.vt"
quartus_eda --write_settings_files=off --simulation=on --functional=on --flatten_buses=off --tool=modelsim_oem --format=verilog --output_directory="U:/New folder/THREE_BIT_ALU/simulation/qsim/" THREE_BIT_ALU -c THREE_BIT_ALU
quartus_eda --gen_testbench --tool=modelsim_oem --format=verilog --write_settings_files=off THREE_BIT_ALU -c THREE_BIT_ALU --vector_source="U:/New folder/THREE_BIT_ALU/Waveform.vwf" --testbench_file="U:/New folder/THREE_BIT_ALU/simulation/qsim/Waveform.vwf.vt"
quartus_eda --write_settings_files=off --simulation=on --functional=on --flatten_buses=off --tool=modelsim_oem --format=verilog --output_directory="U:/New folder/THREE_BIT_ALU/simulation/qsim/" THREE_BIT_ALU -c THREE_BIT_ALU



